# JRE version: Java(TM) SE Runtime Environment (8.0_181-b13) (build 1.8.0_181-b13)
# Java VM: Java HotSpot(TM) 64-Bit Server VM (25.181-b13 mixed mode windows-amd64 compressed oops)
Heap:
 PSYoungGen      total 246784K, used 128786K [0x00000000eab00000, 0x0000000100000000, 0x0000000100000000)
  eden space 144384K, 61% used [0x00000000eab00000,0x00000000f024c568,0x00000000f3800000)
  from space 102400K, 38% used [0x00000000f3800000,0x00000000f5e782c0,0x00000000f9c00000)
  to   space 97280K, 0% used [0x00000000fa100000,0x00000000fa100000,0x0000000100000000)
 ParOldGen       total 332800K, used 185363K [0x00000000c0000000, 0x00000000d4500000, 0x00000000eab00000)
  object space 332800K, 55% used [0x00000000c0000000,0x00000000cb504f28,0x00000000d4500000)
 Metaspace       used 6704K, capacity 7320K, committed 7680K, reserved 1056768K
  class space    used 638K, capacity 656K, committed 768K, reserved 1048576K
GC Heap History (10 events):
Event: 4.435 GC heap before
{Heap before GC invocations=6 (full 0):
 PSYoungGen      total 272896K, used 272892K [0x00000000eab00000, 0x0000000100000000, 0x0000000100000000)
  eden space 262144K, 100% used [0x00000000eab00000,0x00000000fab00000,0x00000000fab00000)
  from space 10752K, 99% used [0x00000000fab00000,0x00000000fb57f3e0,0x00000000fb580000)
  to   space 55296K, 0% used [0x00000000fca00000,0x00000000fca00000,0x0000000100000000)
 ParOldGen       total 175104K, used 94429K [0x00000000c0000000, 0x00000000cab00000, 0x00000000eab00000)
  object space 175104K, 53% used [0x00000000c0000000,0x00000000c5c37538,0x00000000cab00000)
 Metaspace       used 6680K, capacity 7256K, committed 7424K, reserved 1056768K
  class space    used 637K, capacity 656K, committed 768K, reserved 1048576K
Event: 4.491 GC heap after
Heap after GC invocations=6 (full 0):
 PSYoungGen      total 278528K, used 50065K [0x00000000eab00000, 0x0000000100000000, 0x0000000100000000)
  eden space 223232K, 0% used [0x00000000eab00000,0x00000000eab00000,0x00000000f8500000)
  from space 55296K, 90% used [0x00000000fca00000,0x00000000ffae44d8,0x0000000100000000)
  to   space 62976K, 0% used [0x00000000f8500000,0x00000000f8500000,0x00000000fc280000)
 ParOldGen       total 175104K, used 94437K [0x00000000c0000000, 0x00000000cab00000, 0x00000000eab00000)
  object space 175104K, 53% used [0x00000000c0000000,0x00000000c5c39538,0x00000000cab00000)
 Metaspace       used 6680K, capacity 7256K, committed 7424K, reserved 1056768K
  class space    used 637K, capacity 656K, committed 768K, reserved 1048576K
}
Event: 5.245 GC heap before
{Heap before GC invocations=7 (full 0):
 PSYoungGen      total 278528K, used 273297K [0x00000000eab00000, 0x0000000100000000, 0x0000000100000000)
  eden space 223232K, 100% used [0x00000000eab00000,0x00000000f8500000,0x00000000f8500000)
  from space 55296K, 90% used [0x00000000fca00000,0x00000000ffae44d8,0x0000000100000000)
  to   space 62976K, 0% used [0x00000000f8500000,0x00000000f8500000,0x00000000fc280000)
 ParOldGen       total 175104K, used 94437K [0x00000000c0000000, 0x00000000cab00000, 0x00000000eab00000)
  object space 175104K, 53% used [0x00000000c0000000,0x00000000c5c39538,0x00000000cab00000)
 Metaspace       used 6686K, capacity 7320K, committed 7680K, reserved 1056768K
  class space    used 638K, capacity 656K, committed 768K, reserved 1048576K
Event: 5.319 GC heap after
Heap after GC invocations=7 (full 0):
 PSYoungGen      total 286208K, used 62956K [0x00000000eab00000, 0x0000000100000000, 0x0000000100000000)
  eden space 223232K, 0% used [0x00000000eab00000,0x00000000eab00000,0x00000000f8500000)
  from space 62976K, 99% used [0x00000000f8500000,0x00000000fc27b2e0,0x00000000fc280000)
  to   space 62976K, 0% used [0x00000000fc280000,0x00000000fc280000,0x0000000100000000)
 ParOldGen       total 175104K, used 110897K [0x00000000c0000000, 0x00000000cab00000, 0x00000000eab00000)
  object space 175104K, 63% used [0x00000000c0000000,0x00000000c6c4c4c8,0x00000000cab00000)
 Metaspace       used 6686K, capacity 7320K, committed 7680K, reserved 1056768K
  class space    used 638K, capacity 656K, committed 768K, reserved 1048576K
}
Event: 5.984 GC heap before
{Heap before GC invocations=8 (full 0):
 PSYoungGen      total 286208K, used 286188K [0x00000000eab00000, 0x0000000100000000, 0x0000000100000000)
  eden space 223232K, 100% used [0x00000000eab00000,0x00000000f8500000,0x00000000f8500000)
  from space 62976K, 99% used [0x00000000f8500000,0x00000000fc27b2e0,0x00000000fc280000)
  to   space 62976K, 0% used [0x00000000fc280000,0x00000000fc280000,0x0000000100000000)
 ParOldGen       total 175104K, used 110897K [0x00000000c0000000, 0x00000000cab00000, 0x00000000eab00000)
  object space 175104K, 63% used [0x00000000c0000000,0x00000000c6c4c4c8,0x00000000cab00000)
 Metaspace       used 6699K, capacity 7320K, committed 7680K, reserved 1056768K
  class space    used 638K, capacity 656K, committed 768K, reserved 1048576K
Event: 6.081 GC heap after
Heap after GC invocations=8 (full 0):
 PSYoungGen      total 207360K, used 62968K [0x00000000eab00000, 0x0000000100000000, 0x0000000100000000)
  eden space 144384K, 0% used [0x00000000eab00000,0x00000000eab00000,0x00000000f3800000)
  from space 62976K, 99% used [0x00000000fc280000,0x00000000ffffe388,0x0000000100000000)
  to   space 102400K, 0% used [0x00000000f3800000,0x00000000f3800000,0x00000000f9c00000)
 ParOldGen       total 175104K, used 145574K [0x00000000c0000000, 0x00000000cab00000, 0x00000000eab00000)
  object space 175104K, 83% used [0x00000000c0000000,0x00000000c8e29b68,0x00000000cab00000)
 Metaspace       used 6699K, capacity 7320K, committed 7680K, reserved 1056768K
  class space    used 638K, capacity 656K, committed 768K, reserved 1048576K
}
Event: 6.081 GC heap before
{Heap before GC invocations=9 (full 1):
 PSYoungGen      total 207360K, used 62968K [0x00000000eab00000, 0x0000000100000000, 0x0000000100000000)
  eden space 144384K, 0% used [0x00000000eab00000,0x00000000eab00000,0x00000000f3800000)
  from space 62976K, 99% used [0x00000000fc280000,0x00000000ffffe388,0x0000000100000000)
  to   space 102400K, 0% used [0x00000000f3800000,0x00000000f3800000,0x00000000f9c00000)
 ParOldGen       total 175104K, used 145574K [0x00000000c0000000, 0x00000000cab00000, 0x00000000eab00000)
  object space 175104K, 83% used [0x00000000c0000000,0x00000000c8e29b68,0x00000000cab00000)
 Metaspace       used 6699K, capacity 7320K, committed 7680K, reserved 1056768K
  class space    used 638K, capacity 656K, committed 768K, reserved 1048576K
Event: 7.301 GC heap after
Heap after GC invocations=9 (full 1):
 PSYoungGen      total 207360K, used 28080K [0x00000000eab00000, 0x0000000100000000, 0x0000000100000000)
  eden space 144384K, 0% used [0x00000000eab00000,0x00000000eab00000,0x00000000f3800000)
  from space 62976K, 44% used [0x00000000fc280000,0x00000000fddec1b8,0x0000000100000000)
  to   space 102400K, 0% used [0x00000000f3800000,0x00000000f3800000,0x00000000f9c00000)
 ParOldGen       total 332800K, used 174998K [0x00000000c0000000, 0x00000000d4500000, 0x00000000eab00000)
  object space 332800K, 52% used [0x00000000c0000000,0x00000000caae5b88,0x00000000d4500000)
 Metaspace       used 6699K, capacity 7320K, committed 7680K, reserved 1056768K
  class space    used 638K, capacity 656K, committed 768K, reserved 1048576K
}
Event: 7.731 GC heap before
{Heap before GC invocations=10 (full 1):
 PSYoungGen      total 207360K, used 172464K [0x00000000eab00000, 0x0000000100000000, 0x0000000100000000)
  eden space 144384K, 100% used [0x00000000eab00000,0x00000000f3800000,0x00000000f3800000)
  from space 62976K, 44% used [0x00000000fc280000,0x00000000fddec1b8,0x0000000100000000)
  to   space 102400K, 0% used [0x00000000f3800000,0x00000000f3800000,0x00000000f9c00000)
 ParOldGen       total 332800K, used 174998K [0x00000000c0000000, 0x00000000d4500000, 0x00000000eab00000)
  object space 332800K, 52% used [0x00000000c0000000,0x00000000caae5b88,0x00000000d4500000)
 Metaspace       used 6700K, capacity 7320K, committed 7680K, reserved 1056768K
  class space    used 638K, capacity 656K, committed 768K, reserved 1048576K
Event: 7.793 GC heap after
Heap after GC invocations=10 (full 1):
 PSYoungGen      total 246784K, used 39392K [0x00000000eab00000, 0x0000000100000000, 0x0000000100000000)
  eden space 144384K, 0% used [0x00000000eab00000,0x00000000eab00000,0x00000000f3800000)
  from space 102400K, 38% used [0x00000000f3800000,0x00000000f5e782c0,0x00000000f9c00000)
  to   space 97280K, 0% used [0x00000000fa100000,0x00000000fa100000,0x0000000100000000)
 ParOldGen       total 332800K, used 185363K [0x00000000c0000000, 0x00000000d4500000, 0x00000000eab00000)
  object space 332800K, 55% used [0x00000000c0000000,0x00000000cb504f28,0x00000000d4500000)
 Metaspace       used 6700K, capacity 7320K, committed 7680K, reserved 1056768K
  class space    used 638K, capacity 656K, committed 768K, reserved 1048576K
}

